# JRE version: Java(TM) SE Runtime Environment (7.0_45-b18) (build 1.7.0_45-b18)
# Java VM: Java HotSpot(TM) 64-Bit Server VM (24.45-b08 mixed mode linux-amd64 compressed oops)
Heap
 PSYoungGen      total 1069056K, used 4000K [0x00000007ace00000, 0x00000007efe00000, 0x0000000800000000)
  eden space 1040384K, 0% used [0x00000007ace00000,0x00000007ace00000,0x00000007ec600000)
  from space 28672K, 13% used [0x00000007ec600000,0x00000007ec9e8050,0x00000007ee200000)
  to   space 28160K, 0% used [0x00000007ee280000,0x00000007ee280000,0x00000007efe00000)
 ParOldGen       total 169984K, used 43903K [0x0000000706a00000, 0x0000000711000000, 0x00000007ace00000)
  object space 169984K, 25% used [0x0000000706a00000,0x00000007094dfe28,0x0000000711000000)
 PSPermGen       total 38912K, used 38489K [0x0000000701800000, 0x0000000703e00000, 0x0000000706a00000)
  object space 38912K, 98% used [0x0000000701800000,0x0000000703d96670,0x0000000703e00000)
GC Heap History (10 events):
Event: 4.627 GC heap after
Heap after GC invocations=4 (full 0):
 PSYoungGen      total 270336K, used 10213K [0x00000007ace00000, 0x00000007be000000, 0x0000000800000000)
  eden space 260096K, 0% used [0x00000007ace00000,0x00000007ace00000,0x00000007bcc00000)
  from space 10240K, 99% used [0x00000007bd600000,0x00000007bdff9620,0x00000007be000000)
  to   space 10240K, 0% used [0x00000007bcc00000,0x00000007bcc00000,0x00000007bd600000)
 ParOldGen       total 169984K, used 18464K [0x0000000706a00000, 0x0000000711000000, 0x00000007ace00000)
  object space 169984K, 10% used [0x0000000706a00000,0x0000000707c083a8,0x0000000711000000)
 PSPermGen       total 33792K, used 33416K [0x0000000701800000, 0x0000000703900000, 0x0000000706a00000)
  object space 33792K, 98% used [0x0000000701800000,0x00000007038a23d8,0x0000000703900000)
}
Event: 15.396 GC heap before
{Heap before GC invocations=5 (full 0):
 PSYoungGen      total 270336K, used 270309K [0x00000007ace00000, 0x00000007be000000, 0x0000000800000000)
  eden space 260096K, 100% used [0x00000007ace00000,0x00000007bcc00000,0x00000007bcc00000)
  from space 10240K, 99% used [0x00000007bd600000,0x00000007bdff9620,0x00000007be000000)
  to   space 10240K, 0% used [0x00000007bcc00000,0x00000007bcc00000,0x00000007bd600000)
 ParOldGen       total 169984K, used 18464K [0x0000000706a00000, 0x0000000711000000, 0x00000007ace00000)
  object space 169984K, 10% used [0x0000000706a00000,0x0000000707c083a8,0x0000000711000000)
 PSPermGen       total 37376K, used 37254K [0x0000000701800000, 0x0000000703c80000, 0x0000000706a00000)
  object space 37376K, 99% used [0x0000000701800000,0x0000000703c61838,0x0000000703c80000)
Event: 15.508 GC heap after
Heap after GC invocations=5 (full 0):
 PSYoungGen      total 270336K, used 10233K [0x00000007ace00000, 0x00000007d0600000, 0x0000000800000000)
  eden space 260096K, 0% used [0x00000007ace00000,0x00000007ace00000,0x00000007bcc00000)
  from space 10240K, 99% used [0x00000007bcc00000,0x00000007bd5fe620,0x00000007bd600000)
  to   space 30720K, 0% used [0x00000007ce800000,0x00000007ce800000,0x00000007d0600000)
 ParOldGen       total 169984K, used 33163K [0x0000000706a00000, 0x0000000711000000, 0x00000007ace00000)
  object space 169984K, 19% used [0x0000000706a00000,0x0000000708a62c40,0x0000000711000000)
 PSPermGen       total 37376K, used 37254K [0x0000000701800000, 0x0000000703c80000, 0x0000000706a00000)
  object space 37376K, 99% used [0x0000000701800000,0x0000000703c61838,0x0000000703c80000)
}
Event: 18.851 GC heap before
{Heap before GC invocations=6 (full 0):
 PSYoungGen      total 270336K, used 270329K [0x00000007ace00000, 0x00000007d0600000, 0x0000000800000000)
  eden space 260096K, 100% used [0x00000007ace00000,0x00000007bcc00000,0x00000007bcc00000)
  from space 10240K, 99% used [0x00000007bcc00000,0x00000007bd5fe620,0x00000007bd600000)
  to   space 30720K, 0% used [0x00000007ce800000,0x00000007ce800000,0x00000007d0600000)
 ParOldGen       total 169984K, used 33163K [0x0000000706a00000, 0x0000000711000000, 0x00000007ace00000)
  object space 169984K, 19% used [0x0000000706a00000,0x0000000708a62c40,0x0000000711000000)
 PSPermGen       total 37888K, used 37790K [0x0000000701800000, 0x0000000703d00000, 0x0000000706a00000)
  object space 37888K, 99% used [0x0000000701800000,0x0000000703ce7ab0,0x0000000703d00000)
Event: 18.864 GC heap after
Heap after GC invocations=6 (full 0):
 PSYoungGen      total 548864K, used 10754K [0x00000007ace00000, 0x00000007d0400000, 0x0000000800000000)
  eden space 520192K, 0% used [0x00000007ace00000,0x00000007ace00000,0x00000007cca00000)
  from space 28672K, 37% used [0x00000007ce800000,0x00000007cf280a10,0x00000007d0400000)
  to   space 29696K, 0% used [0x00000007cca00000,0x00000007cca00000,0x00000007ce700000)
 ParOldGen       total 169984K, used 33171K [0x0000000706a00000, 0x0000000711000000, 0x00000007ace00000)
  object space 169984K, 19% used [0x0000000706a00000,0x0000000708a64c40,0x0000000711000000)
 PSPermGen       total 37888K, used 37790K [0x0000000701800000, 0x0000000703d00000, 0x0000000706a00000)
  object space 37888K, 99% used [0x0000000701800000,0x0000000703ce7ab0,0x0000000703d00000)
}
Event: 23.133 GC heap before
{Heap before GC invocations=7 (full 0):
 PSYoungGen      total 548864K, used 530946K [0x00000007ace00000, 0x00000007d0400000, 0x0000000800000000)
  eden space 520192K, 100% used [0x00000007ace00000,0x00000007cca00000,0x00000007cca00000)
  from space 28672K, 37% used [0x00000007ce800000,0x00000007cf280a10,0x00000007d0400000)
  to   space 29696K, 0% used [0x00000007cca00000,0x00000007cca00000,0x00000007ce700000)
 ParOldGen       total 169984K, used 33171K [0x0000000706a00000, 0x0000000711000000, 0x00000007ace00000)
  object space 169984K, 19% used [0x0000000706a00000,0x0000000708a64c40,0x0000000711000000)
 PSPermGen       total 38400K, used 38189K [0x0000000701800000, 0x0000000703d80000, 0x0000000706a00000)
  object space 38400K, 99% used [0x0000000701800000,0x0000000703d4b610,0x0000000703d80000)
Event: 23.191 GC heap after
Heap after GC invocations=7 (full 0):
 PSYoungGen      total 549888K, used 9264K [0x00000007ace00000, 0x00000007eff00000, 0x0000000800000000)
  eden space 520192K, 0% used [0x00000007ace00000,0x00000007ace00000,0x00000007cca00000)
  from space 29696K, 31% used [0x00000007cca00000,0x00000007cd30c250,0x00000007ce700000)
  to   space 29184K, 0% used [0x00000007ee280000,0x00000007ee280000,0x00000007eff00000)
 ParOldGen       total 169984K, used 35003K [0x0000000706a00000, 0x0000000711000000, 0x00000007ace00000)
  object space 169984K, 20% used [0x0000000706a00000,0x0000000708c2efc8,0x0000000711000000)
 PSPermGen       total 38400K, used 38189K [0x0000000701800000, 0x0000000703d80000, 0x0000000706a00000)
  object space 38400K, 99% used [0x0000000701800000,0x0000000703d4b610,0x0000000703d80000)
}
Event: 29.624 GC heap before
{Heap before GC invocations=8 (full 0):
 PSYoungGen      total 549888K, used 529456K [0x00000007ace00000, 0x00000007eff00000, 0x0000000800000000)
  eden space 520192K, 100% used [0x00000007ace00000,0x00000007cca00000,0x00000007cca00000)
  from space 29696K, 31% used [0x00000007cca00000,0x00000007cd30c250,0x00000007ce700000)
  to   space 29184K, 0% used [0x00000007ee280000,0x00000007ee280000,0x00000007eff00000)
 ParOldGen       total 169984K, used 35003K [0x0000000706a00000, 0x0000000711000000, 0x00000007ace00000)
  object space 169984K, 20% used [0x0000000706a00000,0x0000000708c2efc8,0x0000000711000000)
 PSPermGen       total 38400K, used 38276K [0x0000000701800000, 0x0000000703d80000, 0x0000000706a00000)
  object space 38400K, 99% used [0x0000000701800000,0x0000000703d61000,0x0000000703d80000)
Event: 29.643 GC heap after
Heap after GC invocations=8 (full 0):
 PSYoungGen      total 1068544K, used 7152K [0x00000007ace00000, 0x00000007efe00000, 0x0000000800000000)
  eden space 1040384K, 0% used [0x00000007ace00000,0x00000007ace00000,0x00000007ec600000)
  from space 28160K, 25% used [0x00000007ee280000,0x00000007ee97c050,0x00000007efe00000)
  to   space 28672K, 0% used [0x00000007ec600000,0x00000007ec600000,0x00000007ee200000)
 ParOldGen       total 169984K, used 40222K [0x0000000706a00000, 0x0000000711000000, 0x00000007ace00000)
  object space 169984K, 23% used [0x0000000706a00000,0x0000000709147978,0x0000000711000000)
 PSPermGen       total 38400K, used 38276K [0x0000000701800000, 0x0000000703d80000, 0x0000000706a00000)
  object space 38400K, 99% used [0x0000000701800000,0x0000000703d61000,0x0000000703d80000)
}
Event: 34.908 GC heap before
{Heap before GC invocations=9 (full 0):
 PSYoungGen      total 1068544K, used 1047536K [0x00000007ace00000, 0x00000007efe00000, 0x0000000800000000)
  eden space 1040384K, 100% used [0x00000007ace00000,0x00000007ec600000,0x00000007ec600000)
  from space 28160K, 25% used [0x00000007ee280000,0x00000007ee97c050,0x00000007efe00000)
  to   space 28672K, 0% used [0x00000007ec600000,0x00000007ec600000,0x00000007ee200000)
 ParOldGen       total 169984K, used 40222K [0x0000000706a00000, 0x0000000711000000, 0x00000007ace00000)
  object space 169984K, 23% used [0x0000000706a00000,0x0000000709147978,0x0000000711000000)
 PSPermGen       total 38912K, used 38489K [0x0000000701800000, 0x0000000703e00000, 0x0000000706a00000)
  object space 38912K, 98% used [0x0000000701800000,0x0000000703d96670,0x0000000703e00000)

