# JRE version: Java(TM) SE Runtime Environment (7.0_45-b18) (build 1.7.0_45-b18)
# Java VM: Java HotSpot(TM) 64-Bit Server VM (24.45-b08 mixed mode linux-amd64 compressed oops)
Heap
 PSYoungGen      total 851968K, used 21569K [0x00000007ace00000, 0x00000007e3c80000, 0x0000000800000000)
  eden space 805376K, 0% used [0x00000007ace00000,0x00000007ace00000,0x00000007de080000)
  from space 46592K, 46% used [0x00000007de080000,0x00000007df590508,0x00000007e0e00000)
  to   space 45568K, 0% used [0x00000007e0e00000,0x00000007e0e00000,0x00000007e3a80000)
 ParOldGen       total 169984K, used 87026K [0x0000000706a00000, 0x0000000711000000, 0x00000007ace00000)
  object space 169984K, 51% used [0x0000000706a00000,0x000000070befcb40,0x0000000711000000)
 PSPermGen       total 49664K, used 49243K [0x0000000701800000, 0x0000000704880000, 0x0000000706a00000)
  object space 49664K, 99% used [0x0000000701800000,0x0000000704816d00,0x0000000704880000)
GC Heap History (10 events):
Event: 3.227 GC heap after
Heap after GC invocations=6 (full 0):
 PSYoungGen      total 272384K, used 14832K [0x00000007ace00000, 0x00000007bee00000, 0x0000000800000000)
  eden space 257536K, 0% used [0x00000007ace00000,0x00000007ace00000,0x00000007bc980000)
  from space 14848K, 99% used [0x00000007bda80000,0x00000007be8fc0d0,0x00000007be900000)
  to   space 17408K, 0% used [0x00000007bc980000,0x00000007bc980000,0x00000007bda80000)
 ParOldGen       total 169984K, used 12384K [0x0000000706a00000, 0x0000000711000000, 0x00000007ace00000)
  object space 169984K, 7% used [0x0000000706a00000,0x00000007076181a8,0x0000000711000000)
 PSPermGen       total 21504K, used 21226K [0x0000000701800000, 0x0000000702d00000, 0x0000000706a00000)
  object space 21504K, 98% used [0x0000000701800000,0x0000000702cbaa78,0x0000000702d00000)
}
Event: 5.405 GC heap before
{Heap before GC invocations=7 (full 0):
 PSYoungGen      total 272384K, used 272368K [0x00000007ace00000, 0x00000007bee00000, 0x0000000800000000)
  eden space 257536K, 100% used [0x00000007ace00000,0x00000007bc980000,0x00000007bc980000)
  from space 14848K, 99% used [0x00000007bda80000,0x00000007be8fc0d0,0x00000007be900000)
  to   space 17408K, 0% used [0x00000007bc980000,0x00000007bc980000,0x00000007bda80000)
 ParOldGen       total 169984K, used 12384K [0x0000000706a00000, 0x0000000711000000, 0x00000007ace00000)
  object space 169984K, 7% used [0x0000000706a00000,0x00000007076181a8,0x0000000711000000)
 PSPermGen       total 31232K, used 31169K [0x0000000701800000, 0x0000000703680000, 0x0000000706a00000)
  object space 31232K, 99% used [0x0000000701800000,0x0000000703670620,0x0000000703680000)
Event: 5.469 GC heap after
Heap after GC invocations=7 (full 0):
 PSYoungGen      total 274944K, used 17401K [0x00000007ace00000, 0x00000007cf800000, 0x0000000800000000)
  eden space 257536K, 0% used [0x00000007ace00000,0x00000007ace00000,0x00000007bc980000)
  from space 17408K, 99% used [0x00000007bc980000,0x00000007bda7e7c8,0x00000007bda80000)
  to   space 26112K, 0% used [0x00000007cde80000,0x00000007cde80000,0x00000007cf800000)
 ParOldGen       total 169984K, used 25677K [0x0000000706a00000, 0x0000000711000000, 0x00000007ace00000)
  object space 169984K, 15% used [0x0000000706a00000,0x0000000708313610,0x0000000711000000)
 PSPermGen       total 31232K, used 31169K [0x0000000701800000, 0x0000000703680000, 0x0000000706a00000)
  object space 31232K, 99% used [0x0000000701800000,0x0000000703670620,0x0000000703680000)
}
Event: 7.628 GC heap before
{Heap before GC invocations=8 (full 0):
 PSYoungGen      total 274944K, used 274163K [0x00000007ace00000, 0x00000007cf800000, 0x0000000800000000)
  eden space 257536K, 99% used [0x00000007ace00000,0x00000007bc8be478,0x00000007bc980000)
  from space 17408K, 99% used [0x00000007bc980000,0x00000007bda7e7c8,0x00000007bda80000)
  to   space 26112K, 0% used [0x00000007cde80000,0x00000007cde80000,0x00000007cf800000)
 ParOldGen       total 169984K, used 25677K [0x0000000706a00000, 0x0000000711000000, 0x00000007ace00000)
  object space 169984K, 15% used [0x0000000706a00000,0x0000000708313610,0x0000000711000000)
 PSPermGen       total 43520K, used 43335K [0x0000000701800000, 0x0000000704280000, 0x0000000706a00000)
  object space 43520K, 99% used [0x0000000701800000,0x0000000704251d28,0x0000000704280000)
Event: 7.651 GC heap after
Heap after GC invocations=8 (full 0):
 PSYoungGen      total 529920K, used 26100K [0x00000007ace00000, 0x00000007d0e00000, 0x0000000800000000)
  eden space 503808K, 0% used [0x00000007ace00000,0x00000007ace00000,0x00000007cba00000)
  from space 26112K, 99% used [0x00000007cde80000,0x00000007cf7fd288,0x00000007cf800000)
  to   space 37376K, 0% used [0x00000007cba00000,0x00000007cba00000,0x00000007cde80000)
 ParOldGen       total 169984K, used 42116K [0x0000000706a00000, 0x0000000711000000, 0x00000007ace00000)
  object space 169984K, 24% used [0x0000000706a00000,0x0000000709321028,0x0000000711000000)
 PSPermGen       total 43520K, used 43335K [0x0000000701800000, 0x0000000704280000, 0x0000000706a00000)
  object space 43520K, 99% used [0x0000000701800000,0x0000000704251d28,0x0000000704280000)
}
Event: 10.883 GC heap before
{Heap before GC invocations=9 (full 0):
 PSYoungGen      total 529920K, used 529908K [0x00000007ace00000, 0x00000007d0e00000, 0x0000000800000000)
  eden space 503808K, 100% used [0x00000007ace00000,0x00000007cba00000,0x00000007cba00000)
  from space 26112K, 99% used [0x00000007cde80000,0x00000007cf7fd288,0x00000007cf800000)
  to   space 37376K, 0% used [0x00000007cba00000,0x00000007cba00000,0x00000007cde80000)
 ParOldGen       total 169984K, used 42116K [0x0000000706a00000, 0x0000000711000000, 0x00000007ace00000)
  object space 169984K, 24% used [0x0000000706a00000,0x0000000709321028,0x0000000711000000)
 PSPermGen       total 48640K, used 48217K [0x0000000701800000, 0x0000000704780000, 0x0000000706a00000)
  object space 48640K, 99% used [0x0000000701800000,0x0000000704716430,0x0000000704780000)
Event: 10.954 GC heap after
Heap after GC invocations=9 (full 0):
 PSYoungGen      total 541184K, used 37373K [0x00000007ace00000, 0x00000007e3a80000, 0x0000000800000000)
  eden space 503808K, 0% used [0x00000007ace00000,0x00000007ace00000,0x00000007cba00000)
  from space 37376K, 99% used [0x00000007cba00000,0x00000007cde7f708,0x00000007cde80000)
  to   space 45568K, 0% used [0x00000007e0e00000,0x00000007e0e00000,0x00000007e3a80000)
 ParOldGen       total 169984K, used 48629K [0x0000000706a00000, 0x0000000711000000, 0x00000007ace00000)
  object space 169984K, 28% used [0x0000000706a00000,0x000000070997d718,0x0000000711000000)
 PSPermGen       total 48640K, used 48217K [0x0000000701800000, 0x0000000704780000, 0x0000000706a00000)
  object space 48640K, 99% used [0x0000000701800000,0x0000000704716430,0x0000000704780000)
}
Event: 12.416 GC heap before
{Heap before GC invocations=10 (full 0):
 PSYoungGen      total 541184K, used 541181K [0x00000007ace00000, 0x00000007e3a80000, 0x0000000800000000)
  eden space 503808K, 100% used [0x00000007ace00000,0x00000007cba00000,0x00000007cba00000)
  from space 37376K, 99% used [0x00000007cba00000,0x00000007cde7f708,0x00000007cde80000)
  to   space 45568K, 0% used [0x00000007e0e00000,0x00000007e0e00000,0x00000007e3a80000)
 ParOldGen       total 169984K, used 48629K [0x0000000706a00000, 0x0000000711000000, 0x00000007ace00000)
  object space 169984K, 28% used [0x0000000706a00000,0x000000070997d718,0x0000000711000000)
 PSPermGen       total 49152K, used 49004K [0x0000000701800000, 0x0000000704800000, 0x0000000706a00000)
  object space 49152K, 99% used [0x0000000701800000,0x00000007047db3e0,0x0000000704800000)
Event: 12.445 GC heap after
Heap after GC invocations=10 (full 0):
 PSYoungGen      total 850944K, used 29997K [0x00000007ace00000, 0x00000007e3c80000, 0x0000000800000000)
  eden space 805376K, 0% used [0x00000007ace00000,0x00000007ace00000,0x00000007de080000)
  from space 45568K, 65% used [0x00000007e0e00000,0x00000007e2b4b6e0,0x00000007e3a80000)
  to   space 46592K, 0% used [0x00000007de080000,0x00000007de080000,0x00000007e0e00000)
 ParOldGen       total 169984K, used 67711K [0x0000000706a00000, 0x0000000711000000, 0x00000007ace00000)
  object space 169984K, 39% used [0x0000000706a00000,0x000000070ac1ff98,0x0000000711000000)
 PSPermGen       total 49152K, used 49004K [0x0000000701800000, 0x0000000704800000, 0x0000000706a00000)
  object space 49152K, 99% used [0x0000000701800000,0x00000007047db3e0,0x0000000704800000)
}
Event: 13.920 GC heap before
{Heap before GC invocations=11 (full 0):
 PSYoungGen      total 850944K, used 835373K [0x00000007ace00000, 0x00000007e3c80000, 0x0000000800000000)
  eden space 805376K, 100% used [0x00000007ace00000,0x00000007de080000,0x00000007de080000)
  from space 45568K, 65% used [0x00000007e0e00000,0x00000007e2b4b6e0,0x00000007e3a80000)
  to   space 46592K, 0% used [0x00000007de080000,0x00000007de080000,0x00000007e0e00000)
 ParOldGen       total 169984K, used 67711K [0x0000000706a00000, 0x0000000711000000, 0x00000007ace00000)
  object space 169984K, 39% used [0x0000000706a00000,0x000000070ac1ff98,0x0000000711000000)
 PSPermGen       total 49664K, used 49243K [0x0000000701800000, 0x0000000704880000, 0x0000000706a00000)
  object space 49664K, 99% used [0x0000000701800000,0x0000000704816d00,0x0000000704880000)

