# JRE version: Java(TM) SE Runtime Environment (7.0_45-b18) (build 1.7.0_45-b18)
# Java VM: Java HotSpot(TM) 64-Bit Server VM (24.45-b08 mixed mode linux-amd64 compressed oops)
Heap
 PSYoungGen      total 846336K, used 16869K [0x00000007ace00000, 0x00000007e3600000, 0x0000000800000000)
  eden space 799744K, 0% used [0x00000007ace00000,0x00000007ace00000,0x00000007ddb00000)
  from space 46592K, 36% used [0x00000007ddb00000,0x00000007deb79620,0x00000007e0880000)
  to   space 46592K, 0% used [0x00000007e0880000,0x00000007e0880000,0x00000007e3600000)
 ParOldGen       total 169984K, used 86646K [0x0000000706a00000, 0x0000000711000000, 0x00000007ace00000)
  object space 169984K, 50% used [0x0000000706a00000,0x000000070be9d9d0,0x0000000711000000)
 PSPermGen       total 49664K, used 49228K [0x0000000701800000, 0x0000000704880000, 0x0000000706a00000)
  object space 49664K, 99% used [0x0000000701800000,0x0000000704813198,0x0000000704880000)
GC Heap History (10 events):
Event: 3.299 GC heap after
Heap after GC invocations=6 (full 0):
 PSYoungGen      total 269824K, used 14819K [0x00000007ace00000, 0x00000007bf300000, 0x0000000800000000)
  eden space 254976K, 0% used [0x00000007ace00000,0x00000007ace00000,0x00000007bc700000)
  from space 14848K, 99% used [0x00000007bda80000,0x00000007be8f8c60,0x00000007be900000)
  to   space 19968K, 0% used [0x00000007bc700000,0x00000007bc700000,0x00000007bda80000)
 ParOldGen       total 169984K, used 17936K [0x0000000706a00000, 0x0000000711000000, 0x00000007ace00000)
  object space 169984K, 10% used [0x0000000706a00000,0x0000000707b84168,0x0000000711000000)
 PSPermGen       total 21504K, used 21061K [0x0000000701800000, 0x0000000702d00000, 0x0000000706a00000)
  object space 21504K, 97% used [0x0000000701800000,0x0000000702c91540,0x0000000702d00000)
}
Event: 5.722 GC heap before
{Heap before GC invocations=7 (full 0):
 PSYoungGen      total 269824K, used 269795K [0x00000007ace00000, 0x00000007bf300000, 0x0000000800000000)
  eden space 254976K, 100% used [0x00000007ace00000,0x00000007bc700000,0x00000007bc700000)
  from space 14848K, 99% used [0x00000007bda80000,0x00000007be8f8c60,0x00000007be900000)
  to   space 19968K, 0% used [0x00000007bc700000,0x00000007bc700000,0x00000007bda80000)
 ParOldGen       total 169984K, used 17936K [0x0000000706a00000, 0x0000000711000000, 0x00000007ace00000)
  object space 169984K, 10% used [0x0000000706a00000,0x0000000707b84168,0x0000000711000000)
 PSPermGen       total 31232K, used 31171K [0x0000000701800000, 0x0000000703680000, 0x0000000706a00000)
  object space 31232K, 99% used [0x0000000701800000,0x0000000703670e88,0x0000000703680000)
Event: 5.753 GC heap after
Heap after GC invocations=7 (full 0):
 PSYoungGen      total 274944K, used 19957K [0x00000007ace00000, 0x00000007cf500000, 0x0000000800000000)
  eden space 254976K, 0% used [0x00000007ace00000,0x00000007ace00000,0x00000007bc700000)
  from space 19968K, 99% used [0x00000007bc700000,0x00000007bda7d490,0x00000007bda80000)
  to   space 27136K, 0% used [0x00000007cda80000,0x00000007cda80000,0x00000007cf500000)
 ParOldGen       total 169984K, used 26097K [0x0000000706a00000, 0x0000000711000000, 0x00000007ace00000)
  object space 169984K, 15% used [0x0000000706a00000,0x000000070837c5a8,0x0000000711000000)
 PSPermGen       total 31232K, used 31171K [0x0000000701800000, 0x0000000703680000, 0x0000000706a00000)
  object space 31232K, 99% used [0x0000000701800000,0x0000000703670e88,0x0000000703680000)
}
Event: 7.816 GC heap before
{Heap before GC invocations=8 (full 0):
 PSYoungGen      total 274944K, used 274933K [0x00000007ace00000, 0x00000007cf500000, 0x0000000800000000)
  eden space 254976K, 100% used [0x00000007ace00000,0x00000007bc700000,0x00000007bc700000)
  from space 19968K, 99% used [0x00000007bc700000,0x00000007bda7d490,0x00000007bda80000)
  to   space 27136K, 0% used [0x00000007cda80000,0x00000007cda80000,0x00000007cf500000)
 ParOldGen       total 169984K, used 26097K [0x0000000706a00000, 0x0000000711000000, 0x00000007ace00000)
  object space 169984K, 15% used [0x0000000706a00000,0x000000070837c5a8,0x0000000711000000)
 PSPermGen       total 43520K, used 43068K [0x0000000701800000, 0x0000000704280000, 0x0000000706a00000)
  object space 43520K, 98% used [0x0000000701800000,0x000000070420f108,0x0000000704280000)
Event: 7.843 GC heap after
Heap after GC invocations=8 (full 0):
 PSYoungGen      total 526848K, used 27128K [0x00000007ace00000, 0x00000007d0900000, 0x0000000800000000)
  eden space 499712K, 0% used [0x00000007ace00000,0x00000007ace00000,0x00000007cb600000)
  from space 27136K, 99% used [0x00000007cda80000,0x00000007cf4fe098,0x00000007cf500000)
  to   space 37376K, 0% used [0x00000007cb600000,0x00000007cb600000,0x00000007cda80000)
 ParOldGen       total 169984K, used 40089K [0x0000000706a00000, 0x0000000711000000, 0x00000007ace00000)
  object space 169984K, 23% used [0x0000000706a00000,0x0000000709126618,0x0000000711000000)
 PSPermGen       total 43520K, used 43068K [0x0000000701800000, 0x0000000704280000, 0x0000000706a00000)
  object space 43520K, 98% used [0x0000000701800000,0x000000070420f108,0x0000000704280000)
}
Event: 11.201 GC heap before
{Heap before GC invocations=9 (full 0):
 PSYoungGen      total 526848K, used 526777K [0x00000007ace00000, 0x00000007d0900000, 0x0000000800000000)
  eden space 499712K, 99% used [0x00000007ace00000,0x00000007cb5f05e8,0x00000007cb600000)
  from space 27136K, 99% used [0x00000007cda80000,0x00000007cf4fe098,0x00000007cf500000)
  to   space 37376K, 0% used [0x00000007cb600000,0x00000007cb600000,0x00000007cda80000)
 ParOldGen       total 169984K, used 40089K [0x0000000706a00000, 0x0000000711000000, 0x00000007ace00000)
  object space 169984K, 23% used [0x0000000706a00000,0x0000000709126618,0x0000000711000000)
 PSPermGen       total 48640K, used 48216K [0x0000000701800000, 0x0000000704780000, 0x0000000706a00000)
  object space 48640K, 99% used [0x0000000701800000,0x00000007047160c0,0x0000000704780000)
Event: 11.227 GC heap after
Heap after GC invocations=9 (full 0):
 PSYoungGen      total 537088K, used 37364K [0x00000007ace00000, 0x00000007e3600000, 0x0000000800000000)
  eden space 499712K, 0% used [0x00000007ace00000,0x00000007ace00000,0x00000007cb600000)
  from space 37376K, 99% used [0x00000007cb600000,0x00000007cda7d098,0x00000007cda80000)
  to   space 46592K, 0% used [0x00000007e0880000,0x00000007e0880000,0x00000007e3600000)
 ParOldGen       total 169984K, used 49611K [0x0000000706a00000, 0x0000000711000000, 0x00000007ace00000)
  object space 169984K, 29% used [0x0000000706a00000,0x0000000709a72d70,0x0000000711000000)
 PSPermGen       total 48640K, used 48216K [0x0000000701800000, 0x0000000704780000, 0x0000000706a00000)
  object space 48640K, 99% used [0x0000000701800000,0x00000007047160c0,0x0000000704780000)
}
Event: 13.021 GC heap before
{Heap before GC invocations=10 (full 0):
 PSYoungGen      total 537088K, used 537059K [0x00000007ace00000, 0x00000007e3600000, 0x0000000800000000)
  eden space 499712K, 99% used [0x00000007ace00000,0x00000007cb5fbce8,0x00000007cb600000)
  from space 37376K, 99% used [0x00000007cb600000,0x00000007cda7d098,0x00000007cda80000)
  to   space 46592K, 0% used [0x00000007e0880000,0x00000007e0880000,0x00000007e3600000)
 ParOldGen       total 169984K, used 49611K [0x0000000706a00000, 0x0000000711000000, 0x00000007ace00000)
  object space 169984K, 29% used [0x0000000706a00000,0x0000000709a72d70,0x0000000711000000)
 PSPermGen       total 49152K, used 48999K [0x0000000701800000, 0x0000000704800000, 0x0000000706a00000)
  object space 49152K, 99% used [0x0000000701800000,0x00000007047d9d38,0x0000000704800000)
Event: 13.049 GC heap after
Heap after GC invocations=10 (full 0):
 PSYoungGen      total 846336K, used 26783K [0x00000007ace00000, 0x00000007e3600000, 0x0000000800000000)
  eden space 799744K, 0% used [0x00000007ace00000,0x00000007ace00000,0x00000007ddb00000)
  from space 46592K, 57% used [0x00000007e0880000,0x00000007e22a7c58,0x00000007e3600000)
  to   space 46592K, 0% used [0x00000007ddb00000,0x00000007ddb00000,0x00000007e0880000)
 ParOldGen       total 169984K, used 70348K [0x0000000706a00000, 0x0000000711000000, 0x00000007ace00000)
  object space 169984K, 41% used [0x0000000706a00000,0x000000070aeb3140,0x0000000711000000)
 PSPermGen       total 49152K, used 48999K [0x0000000701800000, 0x0000000704800000, 0x0000000706a00000)
  object space 49152K, 99% used [0x0000000701800000,0x00000007047d9d38,0x0000000704800000)
}
Event: 14.974 GC heap before
{Heap before GC invocations=11 (full 0):
 PSYoungGen      total 846336K, used 826527K [0x00000007ace00000, 0x00000007e3600000, 0x0000000800000000)
  eden space 799744K, 100% used [0x00000007ace00000,0x00000007ddb00000,0x00000007ddb00000)
  from space 46592K, 57% used [0x00000007e0880000,0x00000007e22a7c58,0x00000007e3600000)
  to   space 46592K, 0% used [0x00000007ddb00000,0x00000007ddb00000,0x00000007e0880000)
 ParOldGen       total 169984K, used 70348K [0x0000000706a00000, 0x0000000711000000, 0x00000007ace00000)
  object space 169984K, 41% used [0x0000000706a00000,0x000000070aeb3140,0x0000000711000000)
 PSPermGen       total 49664K, used 49228K [0x0000000701800000, 0x0000000704880000, 0x0000000706a00000)
  object space 49664K, 99% used [0x0000000701800000,0x0000000704813198,0x0000000704880000)

